# JRE version: Java(TM) SE Runtime Environment (8.0_144-b01) (build 1.8.0_144-b01)
# Java VM: Java HotSpot(TM) Client VM (25.144-b01 mixed mode windows-x86 )
Heap:
 def new generation   total 157248K, used 157247K [0x06c00000, 0x116a0000, 0x116a0000)
  eden space 139776K, 100% used [0x06c00000, 0x0f480000, 0x0f480000)
  from space 17472K,  99% used [0x10590000, 0x1169ffe8, 0x116a0000)
  to   space 17472K,   0% used [0x0f480000, 0x0f480000, 0x10590000)
 tenured generation   total 349568K, used 349567K [0x116a0000, 0x26c00000, 0x26c00000)
   the space 349568K,  99% used [0x116a0000, 0x26bfffe8, 0x26c00000, 0x26c00000)
 Metaspace       used 19488K, capacity 19933K, committed 20096K, reserved 20864K
GC Heap History (10 events):
Event: 3435.627 GC heap before
{Heap before GC invocations=1172 (full 360):
 def new generation   total 157248K, used 157247K [0x06c00000, 0x116a0000, 0x116a0000)
  eden space 139776K, 100% used [0x06c00000, 0x0f480000, 0x0f480000)
  from space 17472K,  99% used [0x10590000, 0x1169fff8, 0x116a0000)
  to   space 17472K,   0% used [0x0f480000, 0x0f480000, 0x10590000)
 tenured generation   total 349568K, used 349568K [0x116a0000, 0x26c00000, 0x26c00000)
   the space 349568K, 100% used [0x116a0000, 0x26c00000, 0x26c00000, 0x26c00000)
 Metaspace       used 19488K, capacity 19933K, committed 20096K, reserved 20864K
Event: 3436.226 GC heap after
Heap after GC invocations=1173 (full 361):
 def new generation   total 157248K, used 156721K [0x06c00000, 0x116a0000, 0x116a0000)
  eden space 139776K,  99% used [0x06c00000, 0x0f47ffd8, 0x0f480000)
  from space 17472K,  96% used [0x10590000, 0x1161c770, 0x116a0000)
  to   space 17472K,   0% used [0x0f480000, 0x0f480000, 0x10590000)
 tenured generation   total 349568K, used 349568K [0x116a0000, 0x26c00000, 0x26c00000)
   the space 349568K, 100% used [0x116a0000, 0x26c00000, 0x26c00000, 0x26c00000)
 Metaspace       used 19488K, capacity 19933K, committed 20096K, reserved 20864K
}
Event: 3436.238 GC heap before
{Heap before GC invocations=1173 (full 361):
 def new generation   total 157248K, used 157247K [0x06c00000, 0x116a0000, 0x116a0000)
  eden space 139776K, 100% used [0x06c00000, 0x0f480000, 0x0f480000)
  from space 17472K,  99% used [0x10590000, 0x1169ffe8, 0x116a0000)
  to   space 17472K,   0% used [0x0f480000, 0x0f480000, 0x10590000)
 tenured generation   total 349568K, used 349568K [0x116a0000, 0x26c00000, 0x26c00000)
   the space 349568K, 100% used [0x116a0000, 0x26c00000, 0x26c00000, 0x26c00000)
 Metaspace       used 19488K, capacity 19933K, committed 20096K, reserved 20864K
Event: 3436.853 GC heap after
Heap after GC invocations=1174 (full 362):
 def new generation   total 157248K, used 157223K [0x06c00000, 0x116a0000, 0x116a0000)
  eden space 139776K, 100% used [0x06c00000, 0x0f480000, 0x0f480000)
  from space 17472K,  99% used [0x10590000, 0x11699c30, 0x116a0000)
  to   space 17472K,   0% used [0x0f480000, 0x0f480000, 0x10590000)
 tenured generation   total 349568K, used 349568K [0x116a0000, 0x26c00000, 0x26c00000)
   the space 349568K, 100% used [0x116a0000, 0x26c00000, 0x26c00000, 0x26c00000)
 Metaspace       used 19488K, capacity 19933K, committed 20096K, reserved 20864K
}
Event: 3436.854 GC heap before
{Heap before GC invocations=1174 (full 362):
 def new generation   total 157248K, used 157247K [0x06c00000, 0x116a0000, 0x116a0000)
  eden space 139776K, 100% used [0x06c00000, 0x0f480000, 0x0f480000)
  from space 17472K,  99% used [0x10590000, 0x1169fff8, 0x116a0000)
  to   space 17472K,   0% used [0x0f480000, 0x0f480000, 0x10590000)
 tenured generation   total 349568K, used 349568K [0x116a0000, 0x26c00000, 0x26c00000)
   the space 349568K, 100% used [0x116a0000, 0x26c00000, 0x26c00000, 0x26c00000)
 Metaspace       used 19488K, capacity 19933K, committed 20096K, reserved 20864K
Event: 3437.484 GC heap after
Heap after GC invocations=1175 (full 363):
 def new generation   total 157248K, used 157237K [0x06c00000, 0x116a0000, 0x116a0000)
  eden space 139776K, 100% used [0x06c00000, 0x0f480000, 0x0f480000)
  from space 17472K,  99% used [0x10590000, 0x1169d6c0, 0x116a0000)
  to   space 17472K,   0% used [0x0f480000, 0x0f480000, 0x10590000)
 tenured generation   total 349568K, used 349568K [0x116a0000, 0x26c00000, 0x26c00000)
   the space 349568K, 100% used [0x116a0000, 0x26c00000, 0x26c00000, 0x26c00000)
 Metaspace       used 19488K, capacity 19933K, committed 20096K, reserved 20864K
}
Event: 3437.484 GC heap before
{Heap before GC invocations=1175 (full 363):
 def new generation   total 157248K, used 157246K [0x06c00000, 0x116a0000, 0x116a0000)
  eden space 139776K, 100% used [0x06c00000, 0x0f480000, 0x0f480000)
  from space 17472K,  99% used [0x10590000, 0x1169fbe0, 0x116a0000)
  to   space 17472K,   0% used [0x0f480000, 0x0f480000, 0x10590000)
 tenured generation   total 349568K, used 349568K [0x116a0000, 0x26c00000, 0x26c00000)
   the space 349568K, 100% used [0x116a0000, 0x26c00000, 0x26c00000, 0x26c00000)
 Metaspace       used 19488K, capacity 19933K, committed 20096K, reserved 20864K
Event: 3438.155 GC heap after
Heap after GC invocations=1176 (full 364):
 def new generation   total 157248K, used 157246K [0x06c00000, 0x116a0000, 0x116a0000)
  eden space 139776K, 100% used [0x06c00000, 0x0f480000, 0x0f480000)
  from space 17472K,  99% used [0x10590000, 0x1169f958, 0x116a0000)
  to   space 17472K,   0% used [0x0f480000, 0x0f480000, 0x10590000)
 tenured generation   total 349568K, used 349567K [0x116a0000, 0x26c00000, 0x26c00000)
   the space 349568K,  99% used [0x116a0000, 0x26bfffe8, 0x26c00000, 0x26c00000)
 Metaspace       used 19488K, capacity 19933K, committed 20096K, reserved 20864K
}
Event: 3438.155 GC heap before
{Heap before GC invocations=1176 (full 364):
 def new generation   total 157248K, used 157246K [0x06c00000, 0x116a0000, 0x116a0000)
  eden space 139776K, 100% used [0x06c00000, 0x0f480000, 0x0f480000)
  from space 17472K,  99% used [0x10590000, 0x1169f958, 0x116a0000)
  to   space 17472K,   0% used [0x0f480000, 0x0f480000, 0x10590000)
 tenured generation   total 349568K, used 349567K [0x116a0000, 0x26c00000, 0x26c00000)
   the space 349568K,  99% used [0x116a0000, 0x26bfffe8, 0x26c00000, 0x26c00000)
 Metaspace       used 19488K, capacity 19933K, committed 20096K, reserved 20864K
Event: 3438.749 GC heap after
Heap after GC invocations=1177 (full 365):
 def new generation   total 157248K, used 157246K [0x06c00000, 0x116a0000, 0x116a0000)
  eden space 139776K, 100% used [0x06c00000, 0x0f480000, 0x0f480000)
  from space 17472K,  99% used [0x10590000, 0x1169f958, 0x116a0000)
  to   space 17472K,   0% used [0x0f480000, 0x0f480000, 0x10590000)
 tenured generation   total 349568K, used 349567K [0x116a0000, 0x26c00000, 0x26c00000)
   the space 349568K,  99% used [0x116a0000, 0x26bfffe8, 0x26c00000, 0x26c00000)
 Metaspace       used 19488K, capacity 19933K, committed 20096K, reserved 20864K
}

